<?xml version="1.0" encoding="UTF-8"?>
<!-- Generated by org.testng.reporters.JUnitXMLReporter -->
<testsuite ignored="0" hostname="PC-PC" failures="1" tests="1" name="Test1" time="0.182" errors="0" timestamp="2023-09-01T21:33:04 IST">
  <testcase classname="TestNg_Parallel.TestNg_Crossbrowser" name="facebook" time="0.0">
    <failure type="org.testng.TestNGException" message="
Parameter &amp;apos;browsername&amp;apos; is required by @Test on method facebook but has not been marked @Optional or defined
in C:\Users\PC\eclipse-workspace\Basic_Selenium_M6\crossbrowser.xml">
      <![CDATA[org.testng.TestNGException: 
Parameter 'browsername' is required by @Test on method facebook but has not been marked @Optional or defined
in C:\Users\PC\eclipse-workspace\Basic_Selenium_M6\crossbrowser.xml
at java.base/java.util.ArrayList.forEach(ArrayList.java:1511)
at java.base/java.util.concurrent.FutureTask.run(FutureTask.java:264)
at java.base/java.util.concurrent.ThreadPoolExecutor.runWorker(ThreadPoolExecutor.java:1136)
at java.base/java.util.concurrent.ThreadPoolExecutor$Worker.run(ThreadPoolExecutor.java:635)
at java.base/java.lang.Thread.run(Thread.java:833)
... Removed 16 stack frames]]>
    </failure>
  </testcase> <!-- facebook -->
</testsuite> <!-- Test1 -->
